# JRE version: OpenJDK Runtime Environment (8.0_152-b01) (build 1.8.0_152-release-915-b01)
# Java VM: OpenJDK 64-Bit Server VM (25.152-b01 mixed mode windows-amd64 compressed oops)
Heap:
 PSYoungGen      total 283648K, used 101588K [0x00000000e0000000, 0x00000000f3680000, 0x0000000100000000)
  eden space 256512K, 34% used [0x00000000e0000000,0x00000000e556bd88,0x00000000efa80000)
  from space 27136K, 52% used [0x00000000f1c00000,0x00000000f29c93c0,0x00000000f3680000)
  to   space 30720K, 0% used [0x00000000efa80000,0x00000000efa80000,0x00000000f1880000)
 ParOldGen       total 114176K, used 68274K [0x00000000a0000000, 0x00000000a6f80000, 0x00000000e0000000)
  object space 114176K, 59% used [0x00000000a0000000,0x00000000a42ac800,0x00000000a6f80000)
 Metaspace       used 71052K, capacity 74694K, committed 74840K, reserved 1114112K
  class space    used 9235K, capacity 10080K, committed 10112K, reserved 1048576K
GC Heap History (10 events):
Event: 191.661 GC heap before
{Heap before GC invocations=29 (full 3):
 PSYoungGen      total 160768K, used 142463K [0x00000000e0000000, 0x00000000ed080000, 0x0000000100000000)
  eden space 138240K, 99% used [0x00000000e0000000,0x00000000e865fc88,0x00000000e8700000)
  from space 22528K, 21% used [0x00000000e8700000,0x00000000e8bc02e0,0x00000000e9d00000)
  to   space 22016K, 0% used [0x00000000ebb00000,0x00000000ebb00000,0x00000000ed080000)
 ParOldGen       total 114176K, used 53706K [0x00000000a0000000, 0x00000000a6f80000, 0x00000000e0000000)
  object space 114176K, 47% used [0x00000000a0000000,0x00000000a3472898,0x00000000a6f80000)
 Metaspace       used 64752K, capacity 68108K, committed 68312K, reserved 1107968K
  class space    used 8615K, capacity 9442K, committed 9472K, reserved 1048576K
Event: 191.671 GC heap after
Heap after GC invocations=29 (full 3):
 PSYoungGen      total 190976K, used 32K [0x00000000e0000000, 0x00000000ed600000, 0x0000000100000000)
  eden space 168960K, 0% used [0x00000000e0000000,0x00000000e0000000,0x00000000ea500000)
  from space 22016K, 0% used [0x00000000ebb00000,0x00000000ebb08000,0x00000000ed080000)
  to   space 22528K, 0% used [0x00000000ea500000,0x00000000ea500000,0x00000000ebb00000)
 ParOldGen       total 114176K, used 57798K [0x00000000a0000000, 0x00000000a6f80000, 0x00000000e0000000)
  object space 114176K, 50% used [0x00000000a0000000,0x00000000a3871ae0,0x00000000a6f80000)
 Metaspace       used 64752K, capacity 68108K, committed 68312K, reserved 1107968K
  class space    used 8615K, capacity 9442K, committed 9472K, reserved 1048576K
}
Event: 191.755 GC heap before
{Heap before GC invocations=30 (full 3):
 PSYoungGen      total 190976K, used 168453K [0x00000000e0000000, 0x00000000ed600000, 0x0000000100000000)
  eden space 168960K, 99% used [0x00000000e0000000,0x00000000ea4796e0,0x00000000ea500000)
  from space 22016K, 0% used [0x00000000ebb00000,0x00000000ebb08000,0x00000000ed080000)
  to   space 22528K, 0% used [0x00000000ea500000,0x00000000ea500000,0x00000000ebb00000)
 ParOldGen       total 114176K, used 57798K [0x00000000a0000000, 0x00000000a6f80000, 0x00000000e0000000)
  object space 114176K, 50% used [0x00000000a0000000,0x00000000a3871ae0,0x00000000a6f80000)
 Metaspace       used 64754K, capacity 68108K, committed 68312K, reserved 1107968K
  class space    used 8615K, capacity 9442K, committed 9472K, reserved 1048576K
Event: 191.758 GC heap after
Heap after GC invocations=30 (full 3):
 PSYoungGen      total 191488K, used 128K [0x00000000e0000000, 0x00000000efb00000, 0x0000000100000000)
  eden space 168960K, 0% used [0x00000000e0000000,0x00000000e0000000,0x00000000ea500000)
  from space 22528K, 0% used [0x00000000ea500000,0x00000000ea520000,0x00000000ebb00000)
  to   space 22528K, 0% used [0x00000000ee500000,0x00000000ee500000,0x00000000efb00000)
 ParOldGen       total 114176K, used 57822K [0x00000000a0000000, 0x00000000a6f80000, 0x00000000e0000000)
  object space 114176K, 50% used [0x00000000a0000000,0x00000000a3877ae0,0x00000000a6f80000)
 Metaspace       used 64754K, capacity 68108K, committed 68312K, reserved 1107968K
  class space    used 8615K, capacity 9442K, committed 9472K, reserved 1048576K
}
Event: 208.149 GC heap before
{Heap before GC invocations=31 (full 3):
 PSYoungGen      total 191488K, used 169088K [0x00000000e0000000, 0x00000000efb00000, 0x0000000100000000)
  eden space 168960K, 100% used [0x00000000e0000000,0x00000000ea500000,0x00000000ea500000)
  from space 22528K, 0% used [0x00000000ea500000,0x00000000ea520000,0x00000000ebb00000)
  to   space 22528K, 0% used [0x00000000ee500000,0x00000000ee500000,0x00000000efb00000)
 ParOldGen       total 114176K, used 57822K [0x00000000a0000000, 0x00000000a6f80000, 0x00000000e0000000)
  object space 114176K, 50% used [0x00000000a0000000,0x00000000a3877ae0,0x00000000a6f80000)
 Metaspace       used 69253K, capacity 72778K, committed 73176K, reserved 1112064K
  class space    used 9030K, capacity 9872K, committed 9984K, reserved 1048576K
Event: 208.203 GC heap after
Heap after GC invocations=31 (full 3):
 PSYoungGen      total 232448K, used 15749K [0x00000000e0000000, 0x00000000efc00000, 0x0000000100000000)
  eden space 209920K, 0% used [0x00000000e0000000,0x00000000e0000000,0x00000000ecd00000)
  from space 22528K, 69% used [0x00000000ee500000,0x00000000ef461428,0x00000000efb00000)
  to   space 24064K, 0% used [0x00000000ecd00000,0x00000000ecd00000,0x00000000ee480000)
 ParOldGen       total 114176K, used 57846K [0x00000000a0000000, 0x00000000a6f80000, 0x00000000e0000000)
  object space 114176K, 50% used [0x00000000a0000000,0x00000000a387dae0,0x00000000a6f80000)
 Metaspace       used 69253K, capacity 72778K, committed 73176K, reserved 1112064K
  class space    used 9030K, capacity 9872K, committed 9984K, reserved 1048576K
}
Event: 210.844 GC heap before
{Heap before GC invocations=32 (full 3):
 PSYoungGen      total 232448K, used 225669K [0x00000000e0000000, 0x00000000efc00000, 0x0000000100000000)
  eden space 209920K, 100% used [0x00000000e0000000,0x00000000ecd00000,0x00000000ecd00000)
  from space 22528K, 69% used [0x00000000ee500000,0x00000000ef461428,0x00000000efb00000)
  to   space 24064K, 0% used [0x00000000ecd00000,0x00000000ecd00000,0x00000000ee480000)
 ParOldGen       total 114176K, used 57846K [0x00000000a0000000, 0x00000000a6f80000, 0x00000000e0000000)
  object space 114176K, 50% used [0x00000000a0000000,0x00000000a387dae0,0x00000000a6f80000)
 Metaspace       used 69589K, capacity 73142K, committed 73432K, reserved 1112064K
  class space    used 9059K, capacity 9906K, committed 9984K, reserved 1048576K
Event: 210.915 GC heap after
Heap after GC invocations=32 (full 3):
 PSYoungGen      total 233984K, used 24054K [0x00000000e0000000, 0x00000000f3b00000, 0x0000000100000000)
  eden space 209920K, 0% used [0x00000000e0000000,0x00000000e0000000,0x00000000ecd00000)
  from space 24064K, 99% used [0x00000000ecd00000,0x00000000ee47db10,0x00000000ee480000)
  to   space 31744K, 0% used [0x00000000f1c00000,0x00000000f1c00000,0x00000000f3b00000)
 ParOldGen       total 114176K, used 67281K [0x00000000a0000000, 0x00000000a6f80000, 0x00000000e0000000)
  object space 114176K, 58% used [0x00000000a0000000,0x00000000a41b47d8,0x00000000a6f80000)
 Metaspace       used 69589K, capacity 73142K, committed 73432K, reserved 1112064K
  class space    used 9059K, capacity 9906K, committed 9984K, reserved 1048576K
}
Event: 213.659 GC heap before
{Heap before GC invocations=33 (full 3):
 PSYoungGen      total 233984K, used 233974K [0x00000000e0000000, 0x00000000f3b00000, 0x0000000100000000)
  eden space 209920K, 100% used [0x00000000e0000000,0x00000000ecd00000,0x00000000ecd00000)
  from space 24064K, 99% used [0x00000000ecd00000,0x00000000ee47db10,0x00000000ee480000)
  to   space 31744K, 0% used [0x00000000f1c00000,0x00000000f1c00000,0x00000000f3b00000)
 ParOldGen       total 114176K, used 67281K [0x00000000a0000000, 0x00000000a6f80000, 0x00000000e0000000)
  object space 114176K, 58% used [0x00000000a0000000,0x00000000a41b47d8,0x00000000a6f80000)
 Metaspace       used 70297K, capacity 73918K, committed 74200K, reserved 1114112K
  class space    used 9124K, capacity 9974K, committed 9984K, reserved 1048576K
Event: 213.678 GC heap after
Heap after GC invocations=33 (full 3):
 PSYoungGen      total 283648K, used 14116K [0x00000000e0000000, 0x00000000f3680000, 0x0000000100000000)
  eden space 256512K, 0% used [0x00000000e0000000,0x00000000e0000000,0x00000000efa80000)
  from space 27136K, 52% used [0x00000000f1c00000,0x00000000f29c93c0,0x00000000f3680000)
  to   space 30720K, 0% used [0x00000000efa80000,0x00000000efa80000,0x00000000f1880000)
 ParOldGen       total 114176K, used 68274K [0x00000000a0000000, 0x00000000a6f80000, 0x00000000e0000000)
  object space 114176K, 59% used [0x00000000a0000000,0x00000000a42ac800,0x00000000a6f80000)
 Metaspace       used 70297K, capacity 73918K, committed 74200K, reserved 1114112K
  class space    used 9124K, capacity 9974K, committed 9984K, reserved 1048576K
}

